0 info it worked if it ends with ok
1 verbose cli [ '/usr/local/Cellar/node/6.2.0/bin/node',
1 verbose cli   '/usr/local/bin/npm',
1 verbose cli   'run',
1 verbose cli   'serve' ]
2 info using npm@3.8.9
3 info using node@v6.2.0
4 verbose run-script [ 'preserve', 'serve', 'postserve' ]
5 info lifecycle rhumbl-dao@0.3.1~preserve: rhumbl-dao@0.3.1
6 silly lifecycle rhumbl-dao@0.3.1~preserve: no script for preserve, continuing
7 info lifecycle rhumbl-dao@0.3.1~serve: rhumbl-dao@0.3.1
8 verbose lifecycle rhumbl-dao@0.3.1~serve: unsafe-perm in lifecycle true
9 verbose lifecycle rhumbl-dao@0.3.1~serve: PATH: /usr/local/lib/node_modules/npm/bin/node-gyp-bin:/Users/luwenhuang/Sites/dao/node_modules/.bin:/usr/local/Cellar/node/6.2.0/bin:/usr/local/lib/node_modules/npm/bin/node-gyp-bin:/Users/luwenhuang/Sites/dao/node_modules/.bin:/usr/local/Cellar/node/6.2.0/bin:/Developer/NVIDIA/CUDA-7.0/bin:/usr/local/bin/cli:/usr/local/lib/python2.7/site-packages:/usr/local/opt/ruby/bin:/usr/local/bin:/usr/local/sbin:/usr/local/mysql/bin:/usr/local/share/npm/bin:/usr/local/bin:/usr/local/heroku/bin:/usr/local/bin:/usr/bin:/bin:/usr/sbin:/sbin:/opt/X11/bin:/usr/local/MacGPG2/bin:/usr/texbin:/usr/bin
10 verbose lifecycle rhumbl-dao@0.3.1~serve: CWD: /Users/luwenhuang/Sites/dao
11 silly lifecycle rhumbl-dao@0.3.1~serve: Args: [ '-c', 'http-server -p 8080' ]
12 silly lifecycle rhumbl-dao@0.3.1~serve: Returned: code: 1  signal: null
13 info lifecycle rhumbl-dao@0.3.1~serve: Failed to exec serve script
14 verbose stack Error: rhumbl-dao@0.3.1 serve: `http-server -p 8080`
14 verbose stack Exit status 1
14 verbose stack     at EventEmitter.<anonymous> (/usr/local/lib/node_modules/npm/lib/utils/lifecycle.js:245:16)
14 verbose stack     at emitTwo (events.js:106:13)
14 verbose stack     at EventEmitter.emit (events.js:191:7)
14 verbose stack     at ChildProcess.<anonymous> (/usr/local/lib/node_modules/npm/lib/utils/spawn.js:24:14)
14 verbose stack     at emitTwo (events.js:106:13)
14 verbose stack     at ChildProcess.emit (events.js:191:7)
14 verbose stack     at maybeClose (internal/child_process.js:850:16)
14 verbose stack     at Process.ChildProcess._handle.onexit (internal/child_process.js:215:5)
15 verbose pkgid rhumbl-dao@0.3.1
16 verbose cwd /Users/luwenhuang/Sites/dao
17 error Darwin 14.5.0
18 error argv "/usr/local/Cellar/node/6.2.0/bin/node" "/usr/local/bin/npm" "run" "serve"
19 error node v6.2.0
20 error npm  v3.8.9
21 error code ELIFECYCLE
22 error rhumbl-dao@0.3.1 serve: `http-server -p 8080`
22 error Exit status 1
23 error Failed at the rhumbl-dao@0.3.1 serve script 'http-server -p 8080'.
23 error Make sure you have the latest version of node.js and npm installed.
23 error If you do, this is most likely a problem with the rhumbl-dao package,
23 error not with npm itself.
23 error Tell the author that this fails on your system:
23 error     http-server -p 8080
23 error You can get information on how to open an issue for this project with:
23 error     npm bugs rhumbl-dao
23 error Or if that isn't available, you can get their info via:
23 error     npm owner ls rhumbl-dao
23 error There is likely additional logging output above.
24 verbose exit [ 1, true ]
